This file contains any messages produced by compilers while
running configure, to aid debugging if configure makes a mistake.

It was created by Phidget21 C Library configure 2.1.8.20121218, which was
generated by GNU Autoconf 2.68.  Invocation command line was

  $ ./configure 

## --------- ##
## Platform. ##
## --------- ##

hostname = Zensus
uname -m = x86_64
uname -r = 3.6.11-1-ARCH
uname -s = Linux
uname -v = #1 SMP PREEMPT Tue Dec 18 08:57:15 CET 2012

/usr/bin/uname -p = unknown
/bin/uname -X     = unknown

/bin/arch              = unknown
/usr/bin/arch -k       = unknown
/usr/convex/getsysinfo = unknown
/usr/bin/hostinfo      = unknown
/bin/machine           = unknown
/usr/bin/oslevel       = unknown
/bin/universe          = unknown

PATH: /usr/local/bin
PATH: /usr/bin
PATH: /bin
PATH: /usr/local/sbin
PATH: /usr/sbin
PATH: /sbin
PATH: /usr/bin/core_perl


## ----------- ##
## Core tests. ##
## ----------- ##

configure:2178: checking for a BSD-compatible install
configure:2246: result: /usr/bin/install -c
configure:2257: checking whether build environment is sane
configure:2307: result: yes
configure:2448: checking for a thread-safe mkdir -p
configure:2487: result: /usr/bin/mkdir -p
configure:2500: checking for gawk
configure:2516: found /usr/bin/gawk
configure:2527: result: gawk
configure:2538: checking whether make sets $(MAKE)
configure:2560: result: yes
configure:2670: checking build system type
configure:2684: result: x86_64-unknown-linux-gnu
configure:2704: checking host system type
configure:2717: result: x86_64-unknown-linux-gnu
configure:2758: checking how to print strings
configure:2785: result: printf
configure:2818: checking for style of include used by make
configure:2846: result: GNU
configure:2917: checking for gcc
configure:2933: found /usr/bin/gcc
configure:2944: result: gcc
configure:3173: checking for C compiler version
configure:3182: gcc --version >&5
gcc (GCC) 4.7.2
Copyright (C) 2012 Free Software Foundation, Inc.
This is free software; see the source for copying conditions.  There is NO
warranty; not even for MERCHANTABILITY or FITNESS FOR A PARTICULAR PURPOSE.

configure:3193: $? = 0
configure:3182: gcc -v >&5
Using built-in specs.
COLLECT_GCC=gcc
COLLECT_LTO_WRAPPER=/usr/lib/gcc/x86_64-unknown-linux-gnu/4.7.2/lto-wrapper
Target: x86_64-unknown-linux-gnu
Configured with: /build/src/gcc-4.7.2/configure --prefix=/usr --libdir=/usr/lib --libexecdir=/usr/lib --mandir=/usr/share/man --infodir=/usr/share/info --with-bugurl=https://bugs.archlinux.org/ --enable-languages=c,c++,ada,fortran,go,lto,objc,obj-c++ --enable-shared --enable-threads=posix --with-system-zlib --enable-__cxa_atexit --disable-libunwind-exceptions --enable-clocale=gnu --disable-libstdcxx-pch --enable-libstdcxx-time --enable-gnu-unique-object --enable-linker-build-id --with-ppl --enable-cloog-backend=isl --disable-ppl-version-check --disable-cloog-version-check --enable-lto --enable-gold --enable-ld=default --enable-plugin --with-plugin-ld=ld.gold --with-linker-hash-style=gnu --disable-multilib --disable-libssp --disable-build-with-cxx --disable-build-poststage1-with-cxx --enable-checking=release
Thread model: posix
gcc version 4.7.2 (GCC) 
configure:3193: $? = 0
configure:3182: gcc -V >&5
gcc: error: unrecognized command line option '-V'
gcc: fatal error: no input files
compilation terminated.
configure:3193: $? = 1
configure:3182: gcc -qversion >&5
gcc: error: unrecognized command line option '-qversion'
gcc: fatal error: no input files
compilation terminated.
configure:3193: $? = 1
configure:3213: checking whether the C compiler works
configure:3235: gcc    conftest.c  >&5
configure:3239: $? = 0
configure:3287: result: yes
configure:3290: checking for C compiler default output file name
configure:3292: result: a.out
configure:3298: checking for suffix of executables
configure:3305: gcc -o conftest    conftest.c  >&5
configure:3309: $? = 0
configure:3331: result: 
configure:3353: checking whether we are cross compiling
configure:3361: gcc -o conftest    conftest.c  >&5
configure:3365: $? = 0
configure:3372: ./conftest
configure:3376: $? = 0
configure:3391: result: no
configure:3396: checking for suffix of object files
configure:3418: gcc -c   conftest.c >&5
configure:3422: $? = 0
configure:3443: result: o
configure:3447: checking whether we are using the GNU C compiler
configure:3466: gcc -c   conftest.c >&5
configure:3466: $? = 0
configure:3475: result: yes
configure:3484: checking whether gcc accepts -g
configure:3504: gcc -c -g  conftest.c >&5
configure:3504: $? = 0
configure:3545: result: yes
configure:3562: checking for gcc option to accept ISO C89
configure:3626: gcc  -c -g -O2  conftest.c >&5
configure:3626: $? = 0
configure:3639: result: none needed
configure:3661: checking dependency style of gcc
configure:3772: result: gcc3
configure:3787: checking for a sed that does not truncate output
configure:3851: result: /usr/bin/sed
configure:3869: checking for grep that handles long lines and -e
configure:3927: result: /usr/bin/grep
configure:3932: checking for egrep
configure:3994: result: /usr/bin/grep -E
configure:3999: checking for fgrep
configure:4061: result: /usr/bin/grep -F
configure:4096: checking for ld used by gcc
configure:4163: result: /usr/bin/ld
configure:4170: checking if the linker (/usr/bin/ld) is GNU ld
configure:4185: result: yes
configure:4197: checking for BSD- or MS-compatible name lister (nm)
configure:4246: result: /usr/bin/nm -B
configure:4376: checking the name lister (/usr/bin/nm -B) interface
configure:4383: gcc -c -g -O2  conftest.c >&5
configure:4386: /usr/bin/nm -B "conftest.o"
configure:4389: output
0000000000000000 B some_variable
configure:4396: result: BSD nm
configure:4399: checking whether ln -s works
configure:4403: result: yes
configure:4411: checking the maximum length of command line arguments
configure:4541: result: 1572864
configure:4558: checking whether the shell understands some XSI constructs
configure:4568: result: yes
configure:4572: checking whether the shell understands "+="
configure:4578: result: yes
configure:4613: checking how to convert x86_64-unknown-linux-gnu file names to x86_64-unknown-linux-gnu format
configure:4653: result: func_convert_file_noop
configure:4660: checking how to convert x86_64-unknown-linux-gnu file names to toolchain format
configure:4680: result: func_convert_file_noop
configure:4687: checking for /usr/bin/ld option to reload object files
configure:4694: result: -r
configure:4768: checking for objdump
configure:4784: found /usr/bin/objdump
configure:4795: result: objdump
configure:4827: checking how to recognize dependent libraries
configure:5029: result: pass_all
configure:5114: checking for dlltool
configure:5144: result: no
configure:5174: checking how to associate runtime and link libraries
configure:5201: result: printf %s\n
configure:5262: checking for ar
configure:5278: found /usr/bin/ar
configure:5289: result: ar
configure:5326: checking for archiver @FILE support
configure:5343: gcc -c -g -O2  conftest.c >&5
configure:5343: $? = 0
configure:5346: ar cru libconftest.a @conftest.lst >&5
configure:5349: $? = 0
configure:5354: ar cru libconftest.a @conftest.lst >&5
ar: conftest.o: No such file or directory
configure:5357: $? = 1
configure:5369: result: @
configure:5427: checking for strip
configure:5443: found /usr/bin/strip
configure:5454: result: strip
configure:5526: checking for ranlib
configure:5542: found /usr/bin/ranlib
configure:5553: result: ranlib
configure:5655: checking command to parse /usr/bin/nm -B output from gcc object
configure:5775: gcc -c -g -O2  conftest.c >&5
configure:5778: $? = 0
configure:5782: /usr/bin/nm -B conftest.o \| sed -n -e 's/^.*[ ]\([ABCDGIRSTW][ABCDGIRSTW]*\)[ ][ ]*\([_A-Za-z][_A-Za-z0-9]*\)$/\1 \2 \2/p' | sed '/ __gnu_lto/d' \> conftest.nm
configure:5785: $? = 0
configure:5851: gcc -o conftest -g -O2   conftest.c conftstm.o >&5
configure:5854: $? = 0
configure:5892: result: ok
configure:5929: checking for sysroot
configure:5959: result: no
configure:6036: gcc -c -g -O2  conftest.c >&5
configure:6039: $? = 0
configure:6215: checking for mt
configure:6245: result: no
configure:6265: checking if : is a manifest tool
configure:6271: : '-?'
configure:6279: result: no
configure:6921: checking how to run the C preprocessor
configure:6952: gcc -E  conftest.c
configure:6952: $? = 0
configure:6966: gcc -E  conftest.c
conftest.c:11:28: fatal error: ac_nonexistent.h: No such file or directory
compilation terminated.
configure:6966: $? = 1
configure: failed program was:
| /* confdefs.h */
| #define PACKAGE_NAME "Phidget21 C Library"
| #define PACKAGE_TARNAME "libphidget"
| #define PACKAGE_VERSION "2.1.8.20121218"
| #define PACKAGE_STRING "Phidget21 C Library 2.1.8.20121218"
| #define PACKAGE_BUGREPORT "support@phidgets.com"
| #define PACKAGE_URL "www.phidgets.com"
| #define PACKAGE "libphidget"
| #define VERSION "2.1.8.20121218"
| /* end confdefs.h.  */
| #include <ac_nonexistent.h>
configure:6991: result: gcc -E
configure:7011: gcc -E  conftest.c
configure:7011: $? = 0
configure:7025: gcc -E  conftest.c
conftest.c:11:28: fatal error: ac_nonexistent.h: No such file or directory
compilation terminated.
configure:7025: $? = 1
configure: failed program was:
| /* confdefs.h */
| #define PACKAGE_NAME "Phidget21 C Library"
| #define PACKAGE_TARNAME "libphidget"
| #define PACKAGE_VERSION "2.1.8.20121218"
| #define PACKAGE_STRING "Phidget21 C Library 2.1.8.20121218"
| #define PACKAGE_BUGREPORT "support@phidgets.com"
| #define PACKAGE_URL "www.phidgets.com"
| #define PACKAGE "libphidget"
| #define VERSION "2.1.8.20121218"
| /* end confdefs.h.  */
| #include <ac_nonexistent.h>
configure:7054: checking for ANSI C header files
configure:7074: gcc -c -g -O2  conftest.c >&5
configure:7074: $? = 0
configure:7147: gcc -o conftest -g -O2   conftest.c  >&5
configure:7147: $? = 0
configure:7147: ./conftest
configure:7147: $? = 0
configure:7158: result: yes
configure:7171: checking for sys/types.h
configure:7171: gcc -c -g -O2  conftest.c >&5
configure:7171: $? = 0
configure:7171: result: yes
configure:7171: checking for sys/stat.h
configure:7171: gcc -c -g -O2  conftest.c >&5
configure:7171: $? = 0
configure:7171: result: yes
configure:7171: checking for stdlib.h
configure:7171: gcc -c -g -O2  conftest.c >&5
configure:7171: $? = 0
configure:7171: result: yes
configure:7171: checking for string.h
configure:7171: gcc -c -g -O2  conftest.c >&5
configure:7171: $? = 0
configure:7171: result: yes
configure:7171: checking for memory.h
configure:7171: gcc -c -g -O2  conftest.c >&5
configure:7171: $? = 0
configure:7171: result: yes
configure:7171: checking for strings.h
configure:7171: gcc -c -g -O2  conftest.c >&5
configure:7171: $? = 0
configure:7171: result: yes
configure:7171: checking for inttypes.h
configure:7171: gcc -c -g -O2  conftest.c >&5
configure:7171: $? = 0
configure:7171: result: yes
configure:7171: checking for stdint.h
configure:7171: gcc -c -g -O2  conftest.c >&5
configure:7171: $? = 0
configure:7171: result: yes
configure:7171: checking for unistd.h
configure:7171: gcc -c -g -O2  conftest.c >&5
configure:7171: $? = 0
configure:7171: result: yes
configure:7185: checking for dlfcn.h
configure:7185: gcc -c -g -O2  conftest.c >&5
configure:7185: $? = 0
configure:7185: result: yes
configure:7391: checking for objdir
configure:7406: result: .libs
configure:7673: checking if gcc supports -fno-rtti -fno-exceptions
configure:7691: gcc -c -g -O2  -fno-rtti -fno-exceptions conftest.c >&5
cc1: warning: command line option '-fno-rtti' is valid for C++/ObjC++ but not for C [enabled by default]
configure:7695: $? = 0
configure:7708: result: no
configure:8035: checking for gcc option to produce PIC
configure:8042: result: -fPIC -DPIC
configure:8050: checking if gcc PIC flag -fPIC -DPIC works
configure:8068: gcc -c -g -O2  -fPIC -DPIC -DPIC conftest.c >&5
configure:8072: $? = 0
configure:8085: result: yes
configure:8114: checking if gcc static flag -static works
configure:8142: result: yes
configure:8157: checking if gcc supports -c -o file.o
configure:8178: gcc -c -g -O2  -o out/conftest2.o conftest.c >&5
configure:8182: $? = 0
configure:8204: result: yes
configure:8212: checking if gcc supports -c -o file.o
configure:8259: result: yes
configure:8292: checking whether the gcc linker (/usr/bin/ld -m elf_x86_64) supports shared libraries
configure:9449: result: yes
configure:9486: checking whether -lc should be explicitly linked in
configure:9494: gcc -c -g -O2  conftest.c >&5
configure:9497: $? = 0
configure:9512: gcc -shared  -fPIC -DPIC conftest.o  -v -Wl,-soname -Wl,conftest -o conftest 2\>\&1 \| /usr/bin/grep  -lc  \>/dev/null 2\>\&1
configure:9515: $? = 0
configure:9529: result: no
configure:9689: checking dynamic linker characteristics
configure:10200: gcc -o conftest -g -O2   -Wl,-rpath -Wl,/foo conftest.c  >&5
configure:10200: $? = 0
configure:10434: result: GNU/Linux ld.so
configure:10541: checking how to hardcode library paths into programs
configure:10566: result: immediate
configure:11106: checking whether stripping libraries is possible
configure:11111: result: yes
configure:11146: checking if libtool supports shared libraries
configure:11148: result: yes
configure:11151: checking whether to build shared libraries
configure:11172: result: yes
configure:11175: checking whether to build static libraries
configure:11179: result: yes
configure:11228: checking whether make supports nested variables
configure:11245: result: yes
configure:11309: checking for gcc
configure:11336: result: gcc
configure:11565: checking for C compiler version
configure:11574: gcc --version >&5
gcc (GCC) 4.7.2
Copyright (C) 2012 Free Software Foundation, Inc.
This is free software; see the source for copying conditions.  There is NO
warranty; not even for MERCHANTABILITY or FITNESS FOR A PARTICULAR PURPOSE.

configure:11585: $? = 0
configure:11574: gcc -v >&5
Using built-in specs.
COLLECT_GCC=gcc
COLLECT_LTO_WRAPPER=/usr/lib/gcc/x86_64-unknown-linux-gnu/4.7.2/lto-wrapper
Target: x86_64-unknown-linux-gnu
Configured with: /build/src/gcc-4.7.2/configure --prefix=/usr --libdir=/usr/lib --libexecdir=/usr/lib --mandir=/usr/share/man --infodir=/usr/share/info --with-bugurl=https://bugs.archlinux.org/ --enable-languages=c,c++,ada,fortran,go,lto,objc,obj-c++ --enable-shared --enable-threads=posix --with-system-zlib --enable-__cxa_atexit --disable-libunwind-exceptions --enable-clocale=gnu --disable-libstdcxx-pch --enable-libstdcxx-time --enable-gnu-unique-object --enable-linker-build-id --with-ppl --enable-cloog-backend=isl --disable-ppl-version-check --disable-cloog-version-check --enable-lto --enable-gold --enable-ld=default --enable-plugin --with-plugin-ld=ld.gold --with-linker-hash-style=gnu --disable-multilib --disable-libssp --disable-build-with-cxx --disable-build-poststage1-with-cxx --enable-checking=release
Thread model: posix
gcc version 4.7.2 (GCC) 
configure:11585: $? = 0
configure:11574: gcc -V >&5
gcc: error: unrecognized command line option '-V'
gcc: fatal error: no input files
compilation terminated.
configure:11585: $? = 1
configure:11574: gcc -qversion >&5
gcc: error: unrecognized command line option '-qversion'
gcc: fatal error: no input files
compilation terminated.
configure:11585: $? = 1
configure:11589: checking whether we are using the GNU C compiler
configure:11617: result: yes
configure:11626: checking whether gcc accepts -g
configure:11687: result: yes
configure:11704: checking for gcc option to accept ISO C89
configure:11781: result: none needed
configure:11803: checking dependency style of gcc
configure:11914: result: gcc3
configure:11934: checking for ldconfig
configure:11952: found /sbin/ldconfig
configure:11965: result: /sbin/ldconfig
configure:11975: checking for library containing dlopen
configure:12006: gcc -o conftest -g -O2   conftest.c  >&5
/tmp/ccuIITQ2.o: In function `main':
/home/raikia/NetBeansProjects/RXTXRobot/RXTXRobot/lib/RXTXcomm_INSTALL/Linux/libs/libphidget/conftest.c:34: undefined reference to `dlopen'
collect2: error: ld returned 1 exit status
configure:12006: $? = 1
configure: failed program was:
| /* confdefs.h */
| #define PACKAGE_NAME "Phidget21 C Library"
| #define PACKAGE_TARNAME "libphidget"
| #define PACKAGE_VERSION "2.1.8.20121218"
| #define PACKAGE_STRING "Phidget21 C Library 2.1.8.20121218"
| #define PACKAGE_BUGREPORT "support@phidgets.com"
| #define PACKAGE_URL "www.phidgets.com"
| #define PACKAGE "libphidget"
| #define VERSION "2.1.8.20121218"
| #define STDC_HEADERS 1
| #define HAVE_SYS_TYPES_H 1
| #define HAVE_SYS_STAT_H 1
| #define HAVE_STDLIB_H 1
| #define HAVE_STRING_H 1
| #define HAVE_MEMORY_H 1
| #define HAVE_STRINGS_H 1
| #define HAVE_INTTYPES_H 1
| #define HAVE_STDINT_H 1
| #define HAVE_UNISTD_H 1
| #define HAVE_DLFCN_H 1
| #define LT_OBJDIR ".libs/"
| /* end confdefs.h.  */
| 
| /* Override any GCC internal prototype to avoid an error.
|    Use char because int might match the return type of a GCC
|    builtin and then its argument prototype would still apply.  */
| #ifdef __cplusplus
| extern "C"
| #endif
| char dlopen ();
| int
| main ()
| {
| return dlopen ();
|   ;
|   return 0;
| }
configure:12006: gcc -o conftest -g -O2   conftest.c -ldl   >&5
configure:12006: $? = 0
configure:12023: result: -ldl
configure:12033: checking for library containing sqrt
configure:12064: gcc -o conftest -g -O2   conftest.c -ldl  >&5
conftest.c:30:6: warning: conflicting types for built-in function 'sqrt' [enabled by default]
/tmp/ccPhlimg.o: In function `main':
/home/raikia/NetBeansProjects/RXTXRobot/RXTXRobot/lib/RXTXcomm_INSTALL/Linux/libs/libphidget/conftest.c:34: undefined reference to `sqrt'
collect2: error: ld returned 1 exit status
configure:12064: $? = 1
configure: failed program was:
| /* confdefs.h */
| #define PACKAGE_NAME "Phidget21 C Library"
| #define PACKAGE_TARNAME "libphidget"
| #define PACKAGE_VERSION "2.1.8.20121218"
| #define PACKAGE_STRING "Phidget21 C Library 2.1.8.20121218"
| #define PACKAGE_BUGREPORT "support@phidgets.com"
| #define PACKAGE_URL "www.phidgets.com"
| #define PACKAGE "libphidget"
| #define VERSION "2.1.8.20121218"
| #define STDC_HEADERS 1
| #define HAVE_SYS_TYPES_H 1
| #define HAVE_SYS_STAT_H 1
| #define HAVE_STDLIB_H 1
| #define HAVE_STRING_H 1
| #define HAVE_MEMORY_H 1
| #define HAVE_STRINGS_H 1
| #define HAVE_INTTYPES_H 1
| #define HAVE_STDINT_H 1
| #define HAVE_UNISTD_H 1
| #define HAVE_DLFCN_H 1
| #define LT_OBJDIR ".libs/"
| /* end confdefs.h.  */
| 
| /* Override any GCC internal prototype to avoid an error.
|    Use char because int might match the return type of a GCC
|    builtin and then its argument prototype would still apply.  */
| #ifdef __cplusplus
| extern "C"
| #endif
| char sqrt ();
| int
| main ()
| {
| return sqrt ();
|   ;
|   return 0;
| }
configure:12064: gcc -o conftest -g -O2   conftest.c -lm  -ldl  >&5
conftest.c:30:6: warning: conflicting types for built-in function 'sqrt' [enabled by default]
configure:12064: $? = 0
configure:12081: result: -lm
configure:12091: checking for library containing pthread_join
configure:12122: gcc -o conftest -g -O2   conftest.c -lm -ldl  >&5
/tmp/ccAIOHge.o: In function `main':
/home/raikia/NetBeansProjects/RXTXRobot/RXTXRobot/lib/RXTXcomm_INSTALL/Linux/libs/libphidget/conftest.c:34: undefined reference to `pthread_join'
collect2: error: ld returned 1 exit status
configure:12122: $? = 1
configure: failed program was:
| /* confdefs.h */
| #define PACKAGE_NAME "Phidget21 C Library"
| #define PACKAGE_TARNAME "libphidget"
| #define PACKAGE_VERSION "2.1.8.20121218"
| #define PACKAGE_STRING "Phidget21 C Library 2.1.8.20121218"
| #define PACKAGE_BUGREPORT "support@phidgets.com"
| #define PACKAGE_URL "www.phidgets.com"
| #define PACKAGE "libphidget"
| #define VERSION "2.1.8.20121218"
| #define STDC_HEADERS 1
| #define HAVE_SYS_TYPES_H 1
| #define HAVE_SYS_STAT_H 1
| #define HAVE_STDLIB_H 1
| #define HAVE_STRING_H 1
| #define HAVE_MEMORY_H 1
| #define HAVE_STRINGS_H 1
| #define HAVE_INTTYPES_H 1
| #define HAVE_STDINT_H 1
| #define HAVE_UNISTD_H 1
| #define HAVE_DLFCN_H 1
| #define LT_OBJDIR ".libs/"
| /* end confdefs.h.  */
| 
| /* Override any GCC internal prototype to avoid an error.
|    Use char because int might match the return type of a GCC
|    builtin and then its argument prototype would still apply.  */
| #ifdef __cplusplus
| extern "C"
| #endif
| char pthread_join ();
| int
| main ()
| {
| return pthread_join ();
|   ;
|   return 0;
| }
configure:12122: gcc -o conftest -g -O2   conftest.c -lpthread  -lm -ldl  >&5
configure:12122: $? = 0
configure:12139: result: -lpthread
configure:12151: checking for library containing iconv
configure:12182: gcc -o conftest -g -O2   conftest.c -lpthread -lm -ldl  >&5
configure:12182: $? = 0
configure:12199: result: none required
configure:12398: checking for library containing libusb_init
configure:12429: gcc -o conftest -g -O2   conftest.c -lpthread -lm -ldl  >&5
/tmp/cc9OOTqt.o: In function `main':
/home/raikia/NetBeansProjects/RXTXRobot/RXTXRobot/lib/RXTXcomm_INSTALL/Linux/libs/libphidget/conftest.c:34: undefined reference to `libusb_init'
collect2: error: ld returned 1 exit status
configure:12429: $? = 1
configure: failed program was:
| /* confdefs.h */
| #define PACKAGE_NAME "Phidget21 C Library"
| #define PACKAGE_TARNAME "libphidget"
| #define PACKAGE_VERSION "2.1.8.20121218"
| #define PACKAGE_STRING "Phidget21 C Library 2.1.8.20121218"
| #define PACKAGE_BUGREPORT "support@phidgets.com"
| #define PACKAGE_URL "www.phidgets.com"
| #define PACKAGE "libphidget"
| #define VERSION "2.1.8.20121218"
| #define STDC_HEADERS 1
| #define HAVE_SYS_TYPES_H 1
| #define HAVE_SYS_STAT_H 1
| #define HAVE_STDLIB_H 1
| #define HAVE_STRING_H 1
| #define HAVE_MEMORY_H 1
| #define HAVE_STRINGS_H 1
| #define HAVE_INTTYPES_H 1
| #define HAVE_STDINT_H 1
| #define HAVE_UNISTD_H 1
| #define HAVE_DLFCN_H 1
| #define LT_OBJDIR ".libs/"
| /* end confdefs.h.  */
| 
| /* Override any GCC internal prototype to avoid an error.
|    Use char because int might match the return type of a GCC
|    builtin and then its argument prototype would still apply.  */
| #ifdef __cplusplus
| extern "C"
| #endif
| char libusb_init ();
| int
| main ()
| {
| return libusb_init ();
|   ;
|   return 0;
| }
configure:12429: gcc -o conftest -g -O2   conftest.c -lusb-1.0  -lpthread -lm -ldl  >&5
configure:12429: $? = 0
configure:12446: result: -lusb-1.0
configure:12823: creating ./config.status

## ---------------------- ##
## Running config.status. ##
## ---------------------- ##

This file was extended by Phidget21 C Library config.status 2.1.8.20121218, which was
generated by GNU Autoconf 2.68.  Invocation command line was

  CONFIG_FILES    = 
  CONFIG_HEADERS  = 
  CONFIG_LINKS    = 
  CONFIG_COMMANDS = 
  $ ./config.status 

on Zensus

config.status:1039: creating Makefile
config.status:1039: creating examples/Makefile
config.status:1039: creating libphidget21.pc
config.status:1211: executing depfiles commands
config.status:1211: executing libtool commands

## ---------------- ##
## Cache variables. ##
## ---------------- ##

ac_cv_build=x86_64-unknown-linux-gnu
ac_cv_c_compiler_gnu=yes
ac_cv_env_CC_set=
ac_cv_env_CC_value=
ac_cv_env_CFLAGS_set=
ac_cv_env_CFLAGS_value=
ac_cv_env_CPPFLAGS_set=
ac_cv_env_CPPFLAGS_value=
ac_cv_env_CPP_set=
ac_cv_env_CPP_value=
ac_cv_env_LDCONFIG_set=
ac_cv_env_LDCONFIG_value=
ac_cv_env_LDFLAGS_set=
ac_cv_env_LDFLAGS_value=
ac_cv_env_LIBS_set=
ac_cv_env_LIBS_value=
ac_cv_env_build_alias_set=
ac_cv_env_build_alias_value=
ac_cv_env_host_alias_set=
ac_cv_env_host_alias_value=
ac_cv_env_target_alias_set=
ac_cv_env_target_alias_value=
ac_cv_header_dlfcn_h=yes
ac_cv_header_inttypes_h=yes
ac_cv_header_memory_h=yes
ac_cv_header_stdc=yes
ac_cv_header_stdint_h=yes
ac_cv_header_stdlib_h=yes
ac_cv_header_string_h=yes
ac_cv_header_strings_h=yes
ac_cv_header_sys_stat_h=yes
ac_cv_header_sys_types_h=yes
ac_cv_header_unistd_h=yes
ac_cv_host=x86_64-unknown-linux-gnu
ac_cv_objext=o
ac_cv_path_EGREP='/usr/bin/grep -E'
ac_cv_path_FGREP='/usr/bin/grep -F'
ac_cv_path_GREP=/usr/bin/grep
ac_cv_path_LDCONFIG=/sbin/ldconfig
ac_cv_path_SED=/usr/bin/sed
ac_cv_path_install='/usr/bin/install -c'
ac_cv_path_mkdir=/usr/bin/mkdir
ac_cv_prog_AWK=gawk
ac_cv_prog_CPP='gcc -E'
ac_cv_prog_ac_ct_AR=ar
ac_cv_prog_ac_ct_CC=gcc
ac_cv_prog_ac_ct_OBJDUMP=objdump
ac_cv_prog_ac_ct_RANLIB=ranlib
ac_cv_prog_ac_ct_STRIP=strip
ac_cv_prog_cc_c89=
ac_cv_prog_cc_g=yes
ac_cv_prog_make_make_set=yes
ac_cv_search_dlopen=-ldl
ac_cv_search_iconv='none required'
ac_cv_search_libusb_init=-lusb-1.0
ac_cv_search_pthread_join=-lpthread
ac_cv_search_sqrt=-lm
am_cv_CC_dependencies_compiler_type=gcc3
am_cv_make_support_nested_variables=yes
lt_cv_ar_at_file=@
lt_cv_archive_cmds_need_lc=no
lt_cv_deplibs_check_method=pass_all
lt_cv_file_magic_cmd='$MAGIC_CMD'
lt_cv_file_magic_test_file=
lt_cv_ld_reload_flag=-r
lt_cv_nm_interface='BSD nm'
lt_cv_objdir=.libs
lt_cv_path_LD=/usr/bin/ld
lt_cv_path_NM='/usr/bin/nm -B'
lt_cv_path_mainfest_tool=no
lt_cv_prog_compiler_c_o=yes
lt_cv_prog_compiler_pic='-fPIC -DPIC'
lt_cv_prog_compiler_pic_works=yes
lt_cv_prog_compiler_rtti_exceptions=no
lt_cv_prog_compiler_static_works=yes
lt_cv_prog_gnu_ld=yes
lt_cv_sharedlib_from_linklib_cmd='printf %s\n'
lt_cv_shlibpath_overrides_runpath=no
lt_cv_sys_global_symbol_pipe='sed -n -e '\''s/^.*[	 ]\([ABCDGIRSTW][ABCDGIRSTW]*\)[	 ][	 ]*\([_A-Za-z][_A-Za-z0-9]*\)$/\1 \2 \2/p'\'' | sed '\''/ __gnu_lto/d'\'''
lt_cv_sys_global_symbol_to_c_name_address='sed -n -e '\''s/^: \([^ ]*\)[ ]*$/  {\"\1\", (void *) 0},/p'\'' -e '\''s/^[ABCDGIRSTW]* \([^ ]*\) \([^ ]*\)$/  {"\2", (void *) \&\2},/p'\'''
lt_cv_sys_global_symbol_to_c_name_address_lib_prefix='sed -n -e '\''s/^: \([^ ]*\)[ ]*$/  {\"\1\", (void *) 0},/p'\'' -e '\''s/^[ABCDGIRSTW]* \([^ ]*\) \(lib[^ ]*\)$/  {"\2", (void *) \&\2},/p'\'' -e '\''s/^[ABCDGIRSTW]* \([^ ]*\) \([^ ]*\)$/  {"lib\2", (void *) \&\2},/p'\'''
lt_cv_sys_global_symbol_to_cdecl='sed -n -e '\''s/^T .* \(.*\)$/extern int \1();/p'\'' -e '\''s/^[ABCDGIRSTW]* .* \(.*\)$/extern char \1;/p'\'''
lt_cv_sys_max_cmd_len=1572864
lt_cv_to_host_file_cmd=func_convert_file_noop
lt_cv_to_tool_file_cmd=func_convert_file_noop

## ----------------- ##
## Output variables. ##
## ----------------- ##

ACLOCAL='${SHELL} /home/raikia/NetBeansProjects/RXTXRobot/RXTXRobot/lib/RXTXcomm_INSTALL/Linux/libs/libphidget/missing --run aclocal-1.11'
AMDEPBACKSLASH='\'
AMDEP_FALSE='#'
AMDEP_TRUE=''
AMTAR='$${TAR-tar}'
AM_BACKSLASH='\'
AM_DEFAULT_V='$(AM_DEFAULT_VERBOSITY)'
AM_DEFAULT_VERBOSITY='0'
AM_V='$(V)'
AR='ar'
AUTOCONF='${SHELL} /home/raikia/NetBeansProjects/RXTXRobot/RXTXRobot/lib/RXTXcomm_INSTALL/Linux/libs/libphidget/missing --run autoconf'
AUTOHEADER='${SHELL} /home/raikia/NetBeansProjects/RXTXRobot/RXTXRobot/lib/RXTXcomm_INSTALL/Linux/libs/libphidget/missing --run autoheader'
AUTOMAKE='${SHELL} /home/raikia/NetBeansProjects/RXTXRobot/RXTXRobot/lib/RXTXcomm_INSTALL/Linux/libs/libphidget/missing --run automake-1.11'
AWK='gawk'
CC='gcc'
CCDEPMODE='depmode=gcc3'
CFLAGS='-g -O2'
CPP='gcc -E'
CPPFLAGS=''
CYGPATH_W='echo'
DEBUG_FALSE=''
DEBUG_TRUE='#'
DEFS='-DPACKAGE_NAME=\"Phidget21\ C\ Library\" -DPACKAGE_TARNAME=\"libphidget\" -DPACKAGE_VERSION=\"2.1.8.20121218\" -DPACKAGE_STRING=\"Phidget21\ C\ Library\ 2.1.8.20121218\" -DPACKAGE_BUGREPORT=\"support@phidgets.com\" -DPACKAGE_URL=\"www.phidgets.com\" -DPACKAGE=\"libphidget\" -DVERSION=\"2.1.8.20121218\" -DSTDC_HEADERS=1 -DHAVE_SYS_TYPES_H=1 -DHAVE_SYS_STAT_H=1 -DHAVE_STDLIB_H=1 -DHAVE_STRING_H=1 -DHAVE_MEMORY_H=1 -DHAVE_STRINGS_H=1 -DHAVE_INTTYPES_H=1 -DHAVE_STDINT_H=1 -DHAVE_UNISTD_H=1 -DHAVE_DLFCN_H=1 -DLT_OBJDIR=\".libs/\"'
DEPDIR='.deps'
DLLTOOL='false'
DSYMUTIL=''
DUMPBIN=''
ECHO_C=''
ECHO_N='-n'
ECHO_T=''
EGREP='/usr/bin/grep -E'
EXEEXT=''
FGREP='/usr/bin/grep -F'
GREP='/usr/bin/grep'
INSTALL_DATA='${INSTALL} -m 644'
INSTALL_PROGRAM='${INSTALL}'
INSTALL_SCRIPT='${INSTALL}'
INSTALL_STRIP_PROGRAM='$(install_sh) -c -s'
INTERNAL_UNICONV_FALSE=''
INTERNAL_UNICONV_TRUE='#'
JNI_FALSE='#'
JNI_TRUE=''
LABVIEW_FALSE=''
LABVIEW_TRUE='#'
LD='/usr/bin/ld -m elf_x86_64'
LDCONFIG='/sbin/ldconfig'
LDFLAGS=''
LIBOBJS=''
LIBS='-lusb-1.0 -lpthread -lm -ldl '
LIBTOOL='$(SHELL) $(top_builddir)/libtool'
LIPO=''
LN_S='ln -s'
LTLIBOBJS=''
MAKEINFO='${SHELL} /home/raikia/NetBeansProjects/RXTXRobot/RXTXRobot/lib/RXTXcomm_INSTALL/Linux/libs/libphidget/missing --run makeinfo'
MANIFEST_TOOL=':'
MKDIR_P='/usr/bin/mkdir -p'
NEW_LIBUSB_FALSE='#'
NEW_LIBUSB_TRUE=''
NM='/usr/bin/nm -B'
NMEDIT=''
OBJDUMP='objdump'
OBJEXT='o'
OTOOL64=''
OTOOL=''
PACKAGE='libphidget'
PACKAGE_BUGREPORT='support@phidgets.com'
PACKAGE_NAME='Phidget21 C Library'
PACKAGE_STRING='Phidget21 C Library 2.1.8.20121218'
PACKAGE_TARNAME='libphidget'
PACKAGE_URL='www.phidgets.com'
PACKAGE_VERSION='2.1.8.20121218'
PATH_SEPARATOR=':'
RANLIB='ranlib'
RUN_LDCONFIG_FALSE='#'
RUN_LDCONFIG_TRUE=''
SED='/usr/bin/sed'
SET_MAKE=''
SHELL='/bin/sh'
STRIP='strip'
VERSION='2.1.8.20121218'
ZEROCONF_AVAHI_FALSE='#'
ZEROCONF_AVAHI_TRUE=''
ZEROCONF_BONJOUR_FALSE=''
ZEROCONF_BONJOUR_TRUE='#'
ZEROCONF_FALSE='#'
ZEROCONF_LOOKUP_FALSE=''
ZEROCONF_LOOKUP_TRUE='#'
ZEROCONF_TRUE=''
ac_ct_AR='ar'
ac_ct_CC='gcc'
ac_ct_DUMPBIN=''
am__EXEEXT_FALSE=''
am__EXEEXT_TRUE='#'
am__fastdepCC_FALSE='#'
am__fastdepCC_TRUE=''
am__include='include'
am__isrc=''
am__leading_dot='.'
am__nodep='_no'
am__quote=''
am__tar='$${TAR-tar} chof - "$$tardir"'
am__untar='$${TAR-tar} xf -'
bindir='${exec_prefix}/bin'
build='x86_64-unknown-linux-gnu'
build_alias=''
build_cpu='x86_64'
build_os='linux-gnu'
build_vendor='unknown'
datadir='${datarootdir}'
datarootdir='${prefix}/share'
docdir='${datarootdir}/doc/${PACKAGE_TARNAME}'
dvidir='${docdir}'
exec_prefix='${prefix}'
host='x86_64-unknown-linux-gnu'
host_alias=''
host_cpu='x86_64'
host_os='linux-gnu'
host_vendor='unknown'
htmldir='${docdir}'
includedir='${prefix}/include'
infodir='${datarootdir}/info'
install_sh='${SHELL} /home/raikia/NetBeansProjects/RXTXRobot/RXTXRobot/lib/RXTXcomm_INSTALL/Linux/libs/libphidget/install-sh'
libdir='${exec_prefix}/lib'
libexecdir='${exec_prefix}/libexec'
localedir='${datarootdir}/locale'
localstatedir='${prefix}/var'
mandir='${datarootdir}/man'
mkdir_p='/usr/bin/mkdir -p'
oldincludedir='/usr/include'
pdfdir='${docdir}'
prefix='/usr'
program_transform_name='s,x,x,'
psdir='${docdir}'
sbindir='${exec_prefix}/sbin'
sharedstatedir='${prefix}/com'
sysconfdir='${prefix}/etc'
target_alias=''

## ----------- ##
## confdefs.h. ##
## ----------- ##

/* confdefs.h */
#define PACKAGE_NAME "Phidget21 C Library"
#define PACKAGE_TARNAME "libphidget"
#define PACKAGE_VERSION "2.1.8.20121218"
#define PACKAGE_STRING "Phidget21 C Library 2.1.8.20121218"
#define PACKAGE_BUGREPORT "support@phidgets.com"
#define PACKAGE_URL "www.phidgets.com"
#define PACKAGE "libphidget"
#define VERSION "2.1.8.20121218"
#define STDC_HEADERS 1
#define HAVE_SYS_TYPES_H 1
#define HAVE_SYS_STAT_H 1
#define HAVE_STDLIB_H 1
#define HAVE_STRING_H 1
#define HAVE_MEMORY_H 1
#define HAVE_STRINGS_H 1
#define HAVE_INTTYPES_H 1
#define HAVE_STDINT_H 1
#define HAVE_UNISTD_H 1
#define HAVE_DLFCN_H 1
#define LT_OBJDIR ".libs/"

configure: exit 0
